% setup_git_repo
% guilt-init
% list_files
d .git/patches
d .git/patches/master
f da39a3ee5e6b4b0d3255bfef95601890afd80709  .git/patches/master/series
f da39a3ee5e6b4b0d3255bfef95601890afd80709  .git/patches/master/status
% guilt-init (should fail)
Branch master appears to be already initialized (GIT_DIR=.git)
% list_files
d .git/patches
d .git/patches/master
f da39a3ee5e6b4b0d3255bfef95601890afd80709  .git/patches/master/series
f da39a3ee5e6b4b0d3255bfef95601890afd80709  .git/patches/master/status
% git-branch other
% git-checkout other
% guilt-init (other branch)
% list_files
d .git/patches
d .git/patches/master
d .git/patches/other
f da39a3ee5e6b4b0d3255bfef95601890afd80709  .git/patches/master/series
f da39a3ee5e6b4b0d3255bfef95601890afd80709  .git/patches/master/status
f da39a3ee5e6b4b0d3255bfef95601890afd80709  .git/patches/other/series
f da39a3ee5e6b4b0d3255bfef95601890afd80709  .git/patches/other/status
% guilt-init (other branch, should fail)
Branch other appears to be already initialized (GIT_DIR=.git)
% list_files
d .git/patches
d .git/patches/master
d .git/patches/other
f da39a3ee5e6b4b0d3255bfef95601890afd80709  .git/patches/master/series
f da39a3ee5e6b4b0d3255bfef95601890afd80709  .git/patches/master/status
f da39a3ee5e6b4b0d3255bfef95601890afd80709  .git/patches/other/series
f da39a3ee5e6b4b0d3255bfef95601890afd80709  .git/patches/other/status
