% setup_repo
% guilt-header (no patches)
No patches applied.
% guilt-push -a
Applying patch..modify
Patch applied.
Applying patch..add
Patch applied.
Applying patch..remove
Patch applied.
Applying patch..mode
Patch applied.
% guilt-new -s -m "blah blah blah" patch-with-some-desc
Now at mode.
Applying patch..patch-with-some-desc
Patch applied.
% list_files
d .git/patches
d .git/patches/master
d .git/refs/patches
d .git/refs/patches/master
f 0e237aa56ddba6f87bf0e9b5748373da4e6983c3  .git/patches/master/status
f 22930c6d1f1938f298a4fca51c57e4b47171db21  .git/patches/master/mode
f 5d8322e2edfca0589cc24df9c09985a544591a2c  .git/patches/master/add
f 8bdf2abdb045e63bb877890db12afcd5a2f023eb  .git/patches/master/remove
f bc9ab2e0f5db99d483961e956e814d963f0309f8  .git/patches/master/modify
f c87bb44fd4f1c10033b13562be50006f57c98eab  .git/patches/master/series
f e4a20695c36bc826bad047d69ff3315df7062bf4  .git/patches/master/patch-with-some-desc
r 33633e7a1aa31972f125878baf7807be57b1672d  .git/refs/patches/master/modify
r 632ca0f5ec27a961990b45673dfc751f1da830f3  .git/refs/patches/master/mode
r 68f33a015dcfd09c3896f15d152378b54eaa4eb6  .git/refs/patches/master/add
r 8d23f083c1174cdf9fc4aa91d74734f25b12c5c7  .git/refs/patches/master/patch-with-some-desc
r e67345cf1e7e9594c73efad7381a994f1fe63b14  .git/refs/patches/master/remove
% guilt-header
blah blah blah

Signed-off-by: Commiter Name <commiter@email>

% guilt-header modify
% guilt-header add
% guilt-header remove
% guilt-header mode
% guilt-header patch-with-some-desc
blah blah blah

Signed-off-by: Commiter Name <commiter@email>

% guilt-header non-existant
Patch non-existant is not in the series
