% setup_repo
% unapplied (empty)
modify
add
remove
mode
% push (modify)
Applying patch..modify
Patch applied.
% unapplied (modify)
add
remove
mode
% list_files
d .git/patches
d .git/patches/master
d .git/refs/patches
d .git/refs/patches/master
f 22930c6d1f1938f298a4fca51c57e4b47171db21  .git/patches/master/mode
f 5d8322e2edfca0589cc24df9c09985a544591a2c  .git/patches/master/add
f 7b80669540a0ba5ec6098f50bb7923921278e85a  .git/patches/master/status
f 8bdf2abdb045e63bb877890db12afcd5a2f023eb  .git/patches/master/remove
f bacb4aad8a55fe4e7aa58a9ae169990bb764069f  .git/patches/master/series
f bc9ab2e0f5db99d483961e956e814d963f0309f8  .git/patches/master/modify
r 33633e7a1aa31972f125878baf7807be57b1672d  .git/refs/patches/master/modify
% push (add)
Applying patch..add
Patch applied.
% unapplied (add)
remove
mode
% list_files
d .git/patches
d .git/patches/master
d .git/refs/patches
d .git/refs/patches/master
f 22930c6d1f1938f298a4fca51c57e4b47171db21  .git/patches/master/mode
f 5d8322e2edfca0589cc24df9c09985a544591a2c  .git/patches/master/add
f 6e9645b29c7233ecdf1494834e83c67a37464548  .git/patches/master/status
f 8bdf2abdb045e63bb877890db12afcd5a2f023eb  .git/patches/master/remove
f bacb4aad8a55fe4e7aa58a9ae169990bb764069f  .git/patches/master/series
f bc9ab2e0f5db99d483961e956e814d963f0309f8  .git/patches/master/modify
r 33633e7a1aa31972f125878baf7807be57b1672d  .git/refs/patches/master/modify
r 68f33a015dcfd09c3896f15d152378b54eaa4eb6  .git/refs/patches/master/add
% push (remove)
Applying patch..remove
Patch applied.
% unapplied (remove)
mode
% list_files
d .git/patches
d .git/patches/master
d .git/refs/patches
d .git/refs/patches/master
f 22930c6d1f1938f298a4fca51c57e4b47171db21  .git/patches/master/mode
f 5d8322e2edfca0589cc24df9c09985a544591a2c  .git/patches/master/add
f 8bdf2abdb045e63bb877890db12afcd5a2f023eb  .git/patches/master/remove
f bacb4aad8a55fe4e7aa58a9ae169990bb764069f  .git/patches/master/series
f bc9ab2e0f5db99d483961e956e814d963f0309f8  .git/patches/master/modify
f f322f08d907e3737a4321b0ec90bc545f71af7cf  .git/patches/master/status
r 33633e7a1aa31972f125878baf7807be57b1672d  .git/refs/patches/master/modify
r 68f33a015dcfd09c3896f15d152378b54eaa4eb6  .git/refs/patches/master/add
r e67345cf1e7e9594c73efad7381a994f1fe63b14  .git/refs/patches/master/remove
% push (mode)
Applying patch..mode
Patch applied.
% unapplied (mode)
% list_files
d .git/patches
d .git/patches/master
d .git/refs/patches
d .git/refs/patches/master
f 22930c6d1f1938f298a4fca51c57e4b47171db21  .git/patches/master/mode
f 5d8322e2edfca0589cc24df9c09985a544591a2c  .git/patches/master/add
f 71596bf71b72c2717e1aee378aabefbfa19ab7c8  .git/patches/master/status
f 8bdf2abdb045e63bb877890db12afcd5a2f023eb  .git/patches/master/remove
f bacb4aad8a55fe4e7aa58a9ae169990bb764069f  .git/patches/master/series
f bc9ab2e0f5db99d483961e956e814d963f0309f8  .git/patches/master/modify
r 33633e7a1aa31972f125878baf7807be57b1672d  .git/refs/patches/master/modify
r 632ca0f5ec27a961990b45673dfc751f1da830f3  .git/refs/patches/master/mode
r 68f33a015dcfd09c3896f15d152378b54eaa4eb6  .git/refs/patches/master/add
r e67345cf1e7e9594c73efad7381a994f1fe63b14  .git/refs/patches/master/remove
