% setup_repo
% guilt-new file
% guilt-pop
All patches popped.
% guilt-push
Applying patch..file
Patch applied.
% list_files
d .git/patches
d .git/patches/master
d .git/refs/patches
d .git/refs/patches/master
f 046c168df2244d3a13985f042a50e479fe56455e  .git/patches/master/status
f 22930c6d1f1938f298a4fca51c57e4b47171db21  .git/patches/master/mode
f 5d8322e2edfca0589cc24df9c09985a544591a2c  .git/patches/master/add
f 6e65775e6ed741dc0219e6008f7e0b06add0b395  .git/patches/master/series
f 8bdf2abdb045e63bb877890db12afcd5a2f023eb  .git/patches/master/remove
f bc9ab2e0f5db99d483961e956e814d963f0309f8  .git/patches/master/modify
f da39a3ee5e6b4b0d3255bfef95601890afd80709  .git/patches/master/file
r f14ef0cd369e82820fbb0785c45614aee25c922c  .git/refs/patches/master/file
% guilt-new dir/file
% guilt-pop
Now at file.
% guilt-push
Applying patch..dir/file
Patch applied.
% list_files
d .git/patches
d .git/patches/master
d .git/patches/master/dir
d .git/refs/patches
d .git/refs/patches/master
d .git/refs/patches/master/dir
f 0b488d592b2a401d638ca87dacaf60a061f84c3c  .git/patches/master/series
f 22930c6d1f1938f298a4fca51c57e4b47171db21  .git/patches/master/mode
f 5d8322e2edfca0589cc24df9c09985a544591a2c  .git/patches/master/add
f 8bdf2abdb045e63bb877890db12afcd5a2f023eb  .git/patches/master/remove
f bc9ab2e0f5db99d483961e956e814d963f0309f8  .git/patches/master/modify
f da39a3ee5e6b4b0d3255bfef95601890afd80709  .git/patches/master/dir/file
f da39a3ee5e6b4b0d3255bfef95601890afd80709  .git/patches/master/file
f fcf45f1999fb2acade0249842191ec584d70b1b3  .git/patches/master/status
r bead5908ff96e4b5719fe714c3e50c183152ae57  .git/refs/patches/master/dir/file
r f14ef0cd369e82820fbb0785c45614aee25c922c  .git/refs/patches/master/file
% guilt-new dir/subdir/file
% guilt-pop
Now at dir/file.
% guilt-push
Applying patch..dir/subdir/file
Patch applied.
% list_files
d .git/patches
d .git/patches/master
d .git/patches/master/dir
d .git/patches/master/dir/subdir
d .git/refs/patches
d .git/refs/patches/master
d .git/refs/patches/master/dir
d .git/refs/patches/master/dir/subdir
f 00f4d968227f29edd1d6dc985c1650f21a343486  .git/patches/master/series
f 22930c6d1f1938f298a4fca51c57e4b47171db21  .git/patches/master/mode
f 41e60b99955872feef46698aceb03797b9c3862c  .git/patches/master/status
f 5d8322e2edfca0589cc24df9c09985a544591a2c  .git/patches/master/add
f 8bdf2abdb045e63bb877890db12afcd5a2f023eb  .git/patches/master/remove
f bc9ab2e0f5db99d483961e956e814d963f0309f8  .git/patches/master/modify
f da39a3ee5e6b4b0d3255bfef95601890afd80709  .git/patches/master/dir/file
f da39a3ee5e6b4b0d3255bfef95601890afd80709  .git/patches/master/dir/subdir/file
f da39a3ee5e6b4b0d3255bfef95601890afd80709  .git/patches/master/file
r adc76eb117d58d48b5d0de7f81ab45849f538a5b  .git/refs/patches/master/dir/subdir/file
r bead5908ff96e4b5719fe714c3e50c183152ae57  .git/refs/patches/master/dir/file
r f14ef0cd369e82820fbb0785c45614aee25c922c  .git/refs/patches/master/file
% guilt-push --all
Applying patch..modify
Patch applied.
Applying patch..add
Patch applied.
Applying patch..remove
Patch applied.
Applying patch..mode
Patch applied.
% guilt-new append
% guilt-pop
Now at mode.
% guilt-push
Applying patch..append
Patch applied.
% list_files
d .git/patches
d .git/patches/master
d .git/patches/master/dir
d .git/patches/master/dir/subdir
d .git/refs/patches
d .git/refs/patches/master
d .git/refs/patches/master/dir
d .git/refs/patches/master/dir/subdir
f 13562c49abffa4e38345b9bcea8682999462daa8  .git/patches/master/status
f 22930c6d1f1938f298a4fca51c57e4b47171db21  .git/patches/master/mode
f 578dd8fc3317db2c8fdab355ce5828d00218990d  .git/patches/master/series
f 5d8322e2edfca0589cc24df9c09985a544591a2c  .git/patches/master/add
f 8bdf2abdb045e63bb877890db12afcd5a2f023eb  .git/patches/master/remove
f bc9ab2e0f5db99d483961e956e814d963f0309f8  .git/patches/master/modify
f da39a3ee5e6b4b0d3255bfef95601890afd80709  .git/patches/master/append
f da39a3ee5e6b4b0d3255bfef95601890afd80709  .git/patches/master/dir/file
f da39a3ee5e6b4b0d3255bfef95601890afd80709  .git/patches/master/dir/subdir/file
f da39a3ee5e6b4b0d3255bfef95601890afd80709  .git/patches/master/file
r 04b6a3533f9570be11faa4aa88ae1461ded2ce83  .git/refs/patches/master/modify
r 0e99c45432949fa47566b818fd1ea2c55dd153cb  .git/refs/patches/master/mode
r 444830baa82d8d2e11e4bbe74afde638080af932  .git/refs/patches/master/remove
r 9180d267bd0d4042f216cd70a22a2ee4fcb2d8e8  .git/refs/patches/master/add
r adc76eb117d58d48b5d0de7f81ab45849f538a5b  .git/refs/patches/master/dir/subdir/file
r bead5908ff96e4b5719fe714c3e50c183152ae57  .git/refs/patches/master/dir/file
r d3843e2682d667e5e42a64e1e5028a1d5d03e973  .git/refs/patches/master/append
r f14ef0cd369e82820fbb0785c45614aee25c922c  .git/refs/patches/master/file
% guilt-pop --all
All patches popped.
% guilt-new prepend
% guilt-pop
All patches popped.
% guilt-push
Applying patch..prepend
Patch applied.
% list_files
d .git/patches
d .git/patches/master
d .git/patches/master/dir
d .git/patches/master/dir/subdir
d .git/refs/patches
d .git/refs/patches/master
d .git/refs/patches/master/dir
d .git/refs/patches/master/dir/subdir
f 1ef04b4f4149870b3f06b5f99b9d9fc260cebc67  .git/patches/master/series
f 22930c6d1f1938f298a4fca51c57e4b47171db21  .git/patches/master/mode
f 5d8322e2edfca0589cc24df9c09985a544591a2c  .git/patches/master/add
f 7ce0ecd062afe46bf743d0d63dbe79e18774fe03  .git/patches/master/status
f 8bdf2abdb045e63bb877890db12afcd5a2f023eb  .git/patches/master/remove
f bc9ab2e0f5db99d483961e956e814d963f0309f8  .git/patches/master/modify
f da39a3ee5e6b4b0d3255bfef95601890afd80709  .git/patches/master/append
f da39a3ee5e6b4b0d3255bfef95601890afd80709  .git/patches/master/dir/file
f da39a3ee5e6b4b0d3255bfef95601890afd80709  .git/patches/master/dir/subdir/file
f da39a3ee5e6b4b0d3255bfef95601890afd80709  .git/patches/master/file
f da39a3ee5e6b4b0d3255bfef95601890afd80709  .git/patches/master/prepend
r acdeef96ee30eb34bbbf65d11de5cf7da4b5fee8  .git/refs/patches/master/prepend
% guilt-new white space
Patchname is invalid.
it cannot begin with '/', './' or '../', or contain /./, /../, or whitespace
% list_files
d .git/patches
d .git/patches/master
d .git/patches/master/dir
d .git/patches/master/dir/subdir
d .git/refs/patches
d .git/refs/patches/master
d .git/refs/patches/master/dir
d .git/refs/patches/master/dir/subdir
f 1ef04b4f4149870b3f06b5f99b9d9fc260cebc67  .git/patches/master/series
f 22930c6d1f1938f298a4fca51c57e4b47171db21  .git/patches/master/mode
f 5d8322e2edfca0589cc24df9c09985a544591a2c  .git/patches/master/add
f 7ce0ecd062afe46bf743d0d63dbe79e18774fe03  .git/patches/master/status
f 8bdf2abdb045e63bb877890db12afcd5a2f023eb  .git/patches/master/remove
f bc9ab2e0f5db99d483961e956e814d963f0309f8  .git/patches/master/modify
f da39a3ee5e6b4b0d3255bfef95601890afd80709  .git/patches/master/append
f da39a3ee5e6b4b0d3255bfef95601890afd80709  .git/patches/master/dir/file
f da39a3ee5e6b4b0d3255bfef95601890afd80709  .git/patches/master/dir/subdir/file
f da39a3ee5e6b4b0d3255bfef95601890afd80709  .git/patches/master/file
f da39a3ee5e6b4b0d3255bfef95601890afd80709  .git/patches/master/prepend
r acdeef96ee30eb34bbbf65d11de5cf7da4b5fee8  .git/refs/patches/master/prepend
% guilt-new prepend
patch 'prepend' already exist
% list_files
d .git/patches
d .git/patches/master
d .git/patches/master/dir
d .git/patches/master/dir/subdir
d .git/refs/patches
d .git/refs/patches/master
d .git/refs/patches/master/dir
d .git/refs/patches/master/dir/subdir
f 1ef04b4f4149870b3f06b5f99b9d9fc260cebc67  .git/patches/master/series
f 22930c6d1f1938f298a4fca51c57e4b47171db21  .git/patches/master/mode
f 5d8322e2edfca0589cc24df9c09985a544591a2c  .git/patches/master/add
f 7ce0ecd062afe46bf743d0d63dbe79e18774fe03  .git/patches/master/status
f 8bdf2abdb045e63bb877890db12afcd5a2f023eb  .git/patches/master/remove
f bc9ab2e0f5db99d483961e956e814d963f0309f8  .git/patches/master/modify
f da39a3ee5e6b4b0d3255bfef95601890afd80709  .git/patches/master/append
f da39a3ee5e6b4b0d3255bfef95601890afd80709  .git/patches/master/dir/file
f da39a3ee5e6b4b0d3255bfef95601890afd80709  .git/patches/master/dir/subdir/file
f da39a3ee5e6b4b0d3255bfef95601890afd80709  .git/patches/master/file
f da39a3ee5e6b4b0d3255bfef95601890afd80709  .git/patches/master/prepend
r acdeef96ee30eb34bbbf65d11de5cf7da4b5fee8  .git/refs/patches/master/prepend
% guilt-new mode
patch 'mode' already exist
% list_files
d .git/patches
d .git/patches/master
d .git/patches/master/dir
d .git/patches/master/dir/subdir
d .git/refs/patches
d .git/refs/patches/master
d .git/refs/patches/master/dir
d .git/refs/patches/master/dir/subdir
f 1ef04b4f4149870b3f06b5f99b9d9fc260cebc67  .git/patches/master/series
f 22930c6d1f1938f298a4fca51c57e4b47171db21  .git/patches/master/mode
f 5d8322e2edfca0589cc24df9c09985a544591a2c  .git/patches/master/add
f 7ce0ecd062afe46bf743d0d63dbe79e18774fe03  .git/patches/master/status
f 8bdf2abdb045e63bb877890db12afcd5a2f023eb  .git/patches/master/remove
f bc9ab2e0f5db99d483961e956e814d963f0309f8  .git/patches/master/modify
f da39a3ee5e6b4b0d3255bfef95601890afd80709  .git/patches/master/append
f da39a3ee5e6b4b0d3255bfef95601890afd80709  .git/patches/master/dir/file
f da39a3ee5e6b4b0d3255bfef95601890afd80709  .git/patches/master/dir/subdir/file
f da39a3ee5e6b4b0d3255bfef95601890afd80709  .git/patches/master/file
f da39a3ee5e6b4b0d3255bfef95601890afd80709  .git/patches/master/prepend
r acdeef96ee30eb34bbbf65d11de5cf7da4b5fee8  .git/refs/patches/master/prepend
% guilt-new /abc
Patchname is invalid.
it cannot begin with '/', './' or '../', or contain /./, /../, or whitespace
% list_files
d .git/patches
d .git/patches/master
d .git/patches/master/dir
d .git/patches/master/dir/subdir
d .git/refs/patches
d .git/refs/patches/master
d .git/refs/patches/master/dir
d .git/refs/patches/master/dir/subdir
f 1ef04b4f4149870b3f06b5f99b9d9fc260cebc67  .git/patches/master/series
f 22930c6d1f1938f298a4fca51c57e4b47171db21  .git/patches/master/mode
f 5d8322e2edfca0589cc24df9c09985a544591a2c  .git/patches/master/add
f 7ce0ecd062afe46bf743d0d63dbe79e18774fe03  .git/patches/master/status
f 8bdf2abdb045e63bb877890db12afcd5a2f023eb  .git/patches/master/remove
f bc9ab2e0f5db99d483961e956e814d963f0309f8  .git/patches/master/modify
f da39a3ee5e6b4b0d3255bfef95601890afd80709  .git/patches/master/append
f da39a3ee5e6b4b0d3255bfef95601890afd80709  .git/patches/master/dir/file
f da39a3ee5e6b4b0d3255bfef95601890afd80709  .git/patches/master/dir/subdir/file
f da39a3ee5e6b4b0d3255bfef95601890afd80709  .git/patches/master/file
f da39a3ee5e6b4b0d3255bfef95601890afd80709  .git/patches/master/prepend
r acdeef96ee30eb34bbbf65d11de5cf7da4b5fee8  .git/refs/patches/master/prepend
% guilt-new ./blah
Patchname is invalid.
it cannot begin with '/', './' or '../', or contain /./, /../, or whitespace
% list_files
d .git/patches
d .git/patches/master
d .git/patches/master/dir
d .git/patches/master/dir/subdir
d .git/refs/patches
d .git/refs/patches/master
d .git/refs/patches/master/dir
d .git/refs/patches/master/dir/subdir
f 1ef04b4f4149870b3f06b5f99b9d9fc260cebc67  .git/patches/master/series
f 22930c6d1f1938f298a4fca51c57e4b47171db21  .git/patches/master/mode
f 5d8322e2edfca0589cc24df9c09985a544591a2c  .git/patches/master/add
f 7ce0ecd062afe46bf743d0d63dbe79e18774fe03  .git/patches/master/status
f 8bdf2abdb045e63bb877890db12afcd5a2f023eb  .git/patches/master/remove
f bc9ab2e0f5db99d483961e956e814d963f0309f8  .git/patches/master/modify
f da39a3ee5e6b4b0d3255bfef95601890afd80709  .git/patches/master/append
f da39a3ee5e6b4b0d3255bfef95601890afd80709  .git/patches/master/dir/file
f da39a3ee5e6b4b0d3255bfef95601890afd80709  .git/patches/master/dir/subdir/file
f da39a3ee5e6b4b0d3255bfef95601890afd80709  .git/patches/master/file
f da39a3ee5e6b4b0d3255bfef95601890afd80709  .git/patches/master/prepend
r acdeef96ee30eb34bbbf65d11de5cf7da4b5fee8  .git/refs/patches/master/prepend
% guilt-new ../blah
Patchname is invalid.
it cannot begin with '/', './' or '../', or contain /./, /../, or whitespace
% list_files
d .git/patches
d .git/patches/master
d .git/patches/master/dir
d .git/patches/master/dir/subdir
d .git/refs/patches
d .git/refs/patches/master
d .git/refs/patches/master/dir
d .git/refs/patches/master/dir/subdir
f 1ef04b4f4149870b3f06b5f99b9d9fc260cebc67  .git/patches/master/series
f 22930c6d1f1938f298a4fca51c57e4b47171db21  .git/patches/master/mode
f 5d8322e2edfca0589cc24df9c09985a544591a2c  .git/patches/master/add
f 7ce0ecd062afe46bf743d0d63dbe79e18774fe03  .git/patches/master/status
f 8bdf2abdb045e63bb877890db12afcd5a2f023eb  .git/patches/master/remove
f bc9ab2e0f5db99d483961e956e814d963f0309f8  .git/patches/master/modify
f da39a3ee5e6b4b0d3255bfef95601890afd80709  .git/patches/master/append
f da39a3ee5e6b4b0d3255bfef95601890afd80709  .git/patches/master/dir/file
f da39a3ee5e6b4b0d3255bfef95601890afd80709  .git/patches/master/dir/subdir/file
f da39a3ee5e6b4b0d3255bfef95601890afd80709  .git/patches/master/file
f da39a3ee5e6b4b0d3255bfef95601890afd80709  .git/patches/master/prepend
r acdeef96ee30eb34bbbf65d11de5cf7da4b5fee8  .git/refs/patches/master/prepend
% guilt-new abc/./blah
Patchname is invalid.
it cannot begin with '/', './' or '../', or contain /./, /../, or whitespace
% list_files
d .git/patches
d .git/patches/master
d .git/patches/master/dir
d .git/patches/master/dir/subdir
d .git/refs/patches
d .git/refs/patches/master
d .git/refs/patches/master/dir
d .git/refs/patches/master/dir/subdir
f 1ef04b4f4149870b3f06b5f99b9d9fc260cebc67  .git/patches/master/series
f 22930c6d1f1938f298a4fca51c57e4b47171db21  .git/patches/master/mode
f 5d8322e2edfca0589cc24df9c09985a544591a2c  .git/patches/master/add
f 7ce0ecd062afe46bf743d0d63dbe79e18774fe03  .git/patches/master/status
f 8bdf2abdb045e63bb877890db12afcd5a2f023eb  .git/patches/master/remove
f bc9ab2e0f5db99d483961e956e814d963f0309f8  .git/patches/master/modify
f da39a3ee5e6b4b0d3255bfef95601890afd80709  .git/patches/master/append
f da39a3ee5e6b4b0d3255bfef95601890afd80709  .git/patches/master/dir/file
f da39a3ee5e6b4b0d3255bfef95601890afd80709  .git/patches/master/dir/subdir/file
f da39a3ee5e6b4b0d3255bfef95601890afd80709  .git/patches/master/file
f da39a3ee5e6b4b0d3255bfef95601890afd80709  .git/patches/master/prepend
r acdeef96ee30eb34bbbf65d11de5cf7da4b5fee8  .git/refs/patches/master/prepend
% guilt-new abc/../blah
Patchname is invalid.
it cannot begin with '/', './' or '../', or contain /./, /../, or whitespace
% list_files
d .git/patches
d .git/patches/master
d .git/patches/master/dir
d .git/patches/master/dir/subdir
d .git/refs/patches
d .git/refs/patches/master
d .git/refs/patches/master/dir
d .git/refs/patches/master/dir/subdir
f 1ef04b4f4149870b3f06b5f99b9d9fc260cebc67  .git/patches/master/series
f 22930c6d1f1938f298a4fca51c57e4b47171db21  .git/patches/master/mode
f 5d8322e2edfca0589cc24df9c09985a544591a2c  .git/patches/master/add
f 7ce0ecd062afe46bf743d0d63dbe79e18774fe03  .git/patches/master/status
f 8bdf2abdb045e63bb877890db12afcd5a2f023eb  .git/patches/master/remove
f bc9ab2e0f5db99d483961e956e814d963f0309f8  .git/patches/master/modify
f da39a3ee5e6b4b0d3255bfef95601890afd80709  .git/patches/master/append
f da39a3ee5e6b4b0d3255bfef95601890afd80709  .git/patches/master/dir/file
f da39a3ee5e6b4b0d3255bfef95601890afd80709  .git/patches/master/dir/subdir/file
f da39a3ee5e6b4b0d3255bfef95601890afd80709  .git/patches/master/file
f da39a3ee5e6b4b0d3255bfef95601890afd80709  .git/patches/master/prepend
r acdeef96ee30eb34bbbf65d11de5cf7da4b5fee8  .git/refs/patches/master/prepend
% guilt-new abc/.
Patchname is invalid.
it cannot begin with '/', './' or '../', or contain /./, /../, or whitespace
% list_files
d .git/patches
d .git/patches/master
d .git/patches/master/dir
d .git/patches/master/dir/subdir
d .git/refs/patches
d .git/refs/patches/master
d .git/refs/patches/master/dir
d .git/refs/patches/master/dir/subdir
f 1ef04b4f4149870b3f06b5f99b9d9fc260cebc67  .git/patches/master/series
f 22930c6d1f1938f298a4fca51c57e4b47171db21  .git/patches/master/mode
f 5d8322e2edfca0589cc24df9c09985a544591a2c  .git/patches/master/add
f 7ce0ecd062afe46bf743d0d63dbe79e18774fe03  .git/patches/master/status
f 8bdf2abdb045e63bb877890db12afcd5a2f023eb  .git/patches/master/remove
f bc9ab2e0f5db99d483961e956e814d963f0309f8  .git/patches/master/modify
f da39a3ee5e6b4b0d3255bfef95601890afd80709  .git/patches/master/append
f da39a3ee5e6b4b0d3255bfef95601890afd80709  .git/patches/master/dir/file
f da39a3ee5e6b4b0d3255bfef95601890afd80709  .git/patches/master/dir/subdir/file
f da39a3ee5e6b4b0d3255bfef95601890afd80709  .git/patches/master/file
f da39a3ee5e6b4b0d3255bfef95601890afd80709  .git/patches/master/prepend
r acdeef96ee30eb34bbbf65d11de5cf7da4b5fee8  .git/refs/patches/master/prepend
% guilt-new abc/..
Patchname is invalid.
it cannot begin with '/', './' or '../', or contain /./, /../, or whitespace
% list_files
d .git/patches
d .git/patches/master
d .git/patches/master/dir
d .git/patches/master/dir/subdir
d .git/refs/patches
d .git/refs/patches/master
d .git/refs/patches/master/dir
d .git/refs/patches/master/dir/subdir
f 1ef04b4f4149870b3f06b5f99b9d9fc260cebc67  .git/patches/master/series
f 22930c6d1f1938f298a4fca51c57e4b47171db21  .git/patches/master/mode
f 5d8322e2edfca0589cc24df9c09985a544591a2c  .git/patches/master/add
f 7ce0ecd062afe46bf743d0d63dbe79e18774fe03  .git/patches/master/status
f 8bdf2abdb045e63bb877890db12afcd5a2f023eb  .git/patches/master/remove
f bc9ab2e0f5db99d483961e956e814d963f0309f8  .git/patches/master/modify
f da39a3ee5e6b4b0d3255bfef95601890afd80709  .git/patches/master/append
f da39a3ee5e6b4b0d3255bfef95601890afd80709  .git/patches/master/dir/file
f da39a3ee5e6b4b0d3255bfef95601890afd80709  .git/patches/master/dir/subdir/file
f da39a3ee5e6b4b0d3255bfef95601890afd80709  .git/patches/master/file
f da39a3ee5e6b4b0d3255bfef95601890afd80709  .git/patches/master/prepend
r acdeef96ee30eb34bbbf65d11de5cf7da4b5fee8  .git/refs/patches/master/prepend
% guilt-new abc/
Patchname is invalid.
it cannot begin with '/', './' or '../', or contain /./, /../, or whitespace
% list_files
d .git/patches
d .git/patches/master
d .git/patches/master/dir
d .git/patches/master/dir/subdir
d .git/refs/patches
d .git/refs/patches/master
d .git/refs/patches/master/dir
d .git/refs/patches/master/dir/subdir
f 1ef04b4f4149870b3f06b5f99b9d9fc260cebc67  .git/patches/master/series
f 22930c6d1f1938f298a4fca51c57e4b47171db21  .git/patches/master/mode
f 5d8322e2edfca0589cc24df9c09985a544591a2c  .git/patches/master/add
f 7ce0ecd062afe46bf743d0d63dbe79e18774fe03  .git/patches/master/status
f 8bdf2abdb045e63bb877890db12afcd5a2f023eb  .git/patches/master/remove
f bc9ab2e0f5db99d483961e956e814d963f0309f8  .git/patches/master/modify
f da39a3ee5e6b4b0d3255bfef95601890afd80709  .git/patches/master/append
f da39a3ee5e6b4b0d3255bfef95601890afd80709  .git/patches/master/dir/file
f da39a3ee5e6b4b0d3255bfef95601890afd80709  .git/patches/master/dir/subdir/file
f da39a3ee5e6b4b0d3255bfef95601890afd80709  .git/patches/master/file
f da39a3ee5e6b4b0d3255bfef95601890afd80709  .git/patches/master/prepend
r acdeef96ee30eb34bbbf65d11de5cf7da4b5fee8  .git/refs/patches/master/prepend
% git diff
diff --git a/def b/def
index 8baef1b..e0e56d9 100644
--- a/def
+++ b/def
@@ -1 +1,3 @@
 abc
+% echo qwerty
+qwerty
% guilt new uncommitted-changes
Uncommited changes detected. Refresh first.
% git diff
diff --git a/def b/def
index 8baef1b..e0e56d9 100644
--- a/def
+++ b/def
@@ -1 +1,3 @@
 abc
+% echo qwerty
+qwerty
% list_files
d .git/patches
d .git/patches/master
d .git/patches/master/dir
d .git/patches/master/dir/subdir
d .git/refs/patches
d .git/refs/patches/master
d .git/refs/patches/master/dir
d .git/refs/patches/master/dir/subdir
f 1ef04b4f4149870b3f06b5f99b9d9fc260cebc67  .git/patches/master/series
f 22930c6d1f1938f298a4fca51c57e4b47171db21  .git/patches/master/mode
f 5d8322e2edfca0589cc24df9c09985a544591a2c  .git/patches/master/add
f 7ce0ecd062afe46bf743d0d63dbe79e18774fe03  .git/patches/master/status
f 8bdf2abdb045e63bb877890db12afcd5a2f023eb  .git/patches/master/remove
f bc9ab2e0f5db99d483961e956e814d963f0309f8  .git/patches/master/modify
f da39a3ee5e6b4b0d3255bfef95601890afd80709  .git/patches/master/append
f da39a3ee5e6b4b0d3255bfef95601890afd80709  .git/patches/master/dir/file
f da39a3ee5e6b4b0d3255bfef95601890afd80709  .git/patches/master/dir/subdir/file
f da39a3ee5e6b4b0d3255bfef95601890afd80709  .git/patches/master/file
f da39a3ee5e6b4b0d3255bfef95601890afd80709  .git/patches/master/prepend
r acdeef96ee30eb34bbbf65d11de5cf7da4b5fee8  .git/refs/patches/master/prepend
% guilt new -f uncommitted-changes
% git diff
% guilt pop
Now at prepend.
% guilt push
Applying patch..uncommitted-changes
Patch applied.
% list_files
d .git/patches
d .git/patches/master
d .git/patches/master/dir
d .git/patches/master/dir/subdir
d .git/refs/patches
d .git/refs/patches/master
d .git/refs/patches/master/dir
d .git/refs/patches/master/dir/subdir
f 06d2f9f2f2c01d41544a0eab8040959c318e8c3b  .git/patches/master/uncommitted-changes
f 0d14139c7f15f095b9a3dae9802f20072a4c1859  .git/patches/master/series
f 22930c6d1f1938f298a4fca51c57e4b47171db21  .git/patches/master/mode
f 5d8322e2edfca0589cc24df9c09985a544591a2c  .git/patches/master/add
f 85b7bb43b9e991c005b96ebde8ccf53122ff7342  .git/patches/master/status
f 8bdf2abdb045e63bb877890db12afcd5a2f023eb  .git/patches/master/remove
f bc9ab2e0f5db99d483961e956e814d963f0309f8  .git/patches/master/modify
f da39a3ee5e6b4b0d3255bfef95601890afd80709  .git/patches/master/append
f da39a3ee5e6b4b0d3255bfef95601890afd80709  .git/patches/master/dir/file
f da39a3ee5e6b4b0d3255bfef95601890afd80709  .git/patches/master/dir/subdir/file
f da39a3ee5e6b4b0d3255bfef95601890afd80709  .git/patches/master/file
f da39a3ee5e6b4b0d3255bfef95601890afd80709  .git/patches/master/prepend
r acdeef96ee30eb34bbbf65d11de5cf7da4b5fee8  .git/refs/patches/master/prepend
r d82a031e1b47908b850c7a8312300ef5cf289271  .git/refs/patches/master/uncommitted-changes
