% setup_repo
% guilt-series
modify
add
remove
mode
% guilt-series -v
  modify
  add
  remove
  mode
% guilt-push (modify)
Applying patch..modify
Patch applied.
% guilt-series -v
= modify
  add
  remove
  mode
% guilt-push (add)
Applying patch..add
Patch applied.
% guilt-series -v
+ modify
= add
  remove
  mode
% guilt-push (remove)
Applying patch..remove
Patch applied.
% guilt-series -v
+ modify
+ add
= remove
  mode
% guilt-push (mode)
Applying patch..mode
Patch applied.
% guilt-series -v
+ modify
+ add
+ remove
= mode
% list_files
d .git/patches
d .git/patches/master
f 22930c6d1f1938f298a4fca51c57e4b47171db21  .git/patches/master/mode
f 49571a872d2f2f1a8c56e65352c0f9b8aff53143  .git/patches/master/status
f 5d8322e2edfca0589cc24df9c09985a544591a2c  .git/patches/master/add
f 8bdf2abdb045e63bb877890db12afcd5a2f023eb  .git/patches/master/remove
f bacb4aad8a55fe4e7aa58a9ae169990bb764069f  .git/patches/master/series
f bc9ab2e0f5db99d483961e956e814d963f0309f8  .git/patches/master/modify
