% setup_repo
% git config guilt.reusebranch true
% guilt push -a
Applying patch..modify
Patch applied.
Applying patch..add
Patch applied.
Applying patch..remove
Patch applied.
Applying patch..mode
Patch applied.
% list_files
d .git/patches
d .git/patches/master
d .git/refs/patches
d .git/refs/patches/master
f 22930c6d1f1938f298a4fca51c57e4b47171db21  .git/patches/master/mode
f 413390f3906f16f30b054a4fb86c1e014b964504  .git/patches/master/remove
f 71596bf71b72c2717e1aee378aabefbfa19ab7c8  .git/patches/master/status
f 9c18cc7abe6b87f18503714a80a677b4094eb457  .git/patches/master/add
f bacb4aad8a55fe4e7aa58a9ae169990bb764069f  .git/patches/master/series
f bc9ab2e0f5db99d483961e956e814d963f0309f8  .git/patches/master/modify
r 33633e7a1aa31972f125878baf7807be57b1672d  .git/refs/patches/master/modify
r 37d588cc39848368810e88332bd03b083f2ce3ac  .git/refs/patches/master/add
r ccd56089d1b5305a9d35617cb7f6f4b06ffa68ba  .git/refs/patches/master/mode
r ffb7faa126a6d91bcdd44a494f76b96dd860b8b9  .git/refs/patches/master/remove
% git for-each-ref
ccd56089d1b5305a9d35617cb7f6f4b06ffa68ba commit	refs/heads/master
37d588cc39848368810e88332bd03b083f2ce3ac commit	refs/patches/master/add
ccd56089d1b5305a9d35617cb7f6f4b06ffa68ba commit	refs/patches/master/mode
33633e7a1aa31972f125878baf7807be57b1672d commit	refs/patches/master/modify
ffb7faa126a6d91bcdd44a494f76b96dd860b8b9 commit	refs/patches/master/remove
% guilt pop
Now at remove.
% git for-each-ref
ffb7faa126a6d91bcdd44a494f76b96dd860b8b9 commit	refs/heads/master
37d588cc39848368810e88332bd03b083f2ce3ac commit	refs/patches/master/add
33633e7a1aa31972f125878baf7807be57b1672d commit	refs/patches/master/modify
ffb7faa126a6d91bcdd44a494f76b96dd860b8b9 commit	refs/patches/master/remove
% guilt push
Applying patch..mode
Patch applied.
% git for-each-ref
ccd56089d1b5305a9d35617cb7f6f4b06ffa68ba commit	refs/heads/master
37d588cc39848368810e88332bd03b083f2ce3ac commit	refs/patches/master/add
ccd56089d1b5305a9d35617cb7f6f4b06ffa68ba commit	refs/patches/master/mode
33633e7a1aa31972f125878baf7807be57b1672d commit	refs/patches/master/modify
ffb7faa126a6d91bcdd44a494f76b96dd860b8b9 commit	refs/patches/master/remove
% guilt pop
Now at remove.
% git for-each-ref
ffb7faa126a6d91bcdd44a494f76b96dd860b8b9 commit	refs/heads/master
37d588cc39848368810e88332bd03b083f2ce3ac commit	refs/patches/master/add
33633e7a1aa31972f125878baf7807be57b1672d commit	refs/patches/master/modify
ffb7faa126a6d91bcdd44a494f76b96dd860b8b9 commit	refs/patches/master/remove
% guilt pop
Now at add.
% git for-each-ref
37d588cc39848368810e88332bd03b083f2ce3ac commit	refs/heads/master
37d588cc39848368810e88332bd03b083f2ce3ac commit	refs/patches/master/add
33633e7a1aa31972f125878baf7807be57b1672d commit	refs/patches/master/modify
% guilt push
Applying patch..remove
Patch applied.
% git for-each-ref
ffb7faa126a6d91bcdd44a494f76b96dd860b8b9 commit	refs/heads/master
37d588cc39848368810e88332bd03b083f2ce3ac commit	refs/patches/master/add
33633e7a1aa31972f125878baf7807be57b1672d commit	refs/patches/master/modify
ffb7faa126a6d91bcdd44a494f76b96dd860b8b9 commit	refs/patches/master/remove
% guilt pop
Now at add.
% git for-each-ref
37d588cc39848368810e88332bd03b083f2ce3ac commit	refs/heads/master
37d588cc39848368810e88332bd03b083f2ce3ac commit	refs/patches/master/add
33633e7a1aa31972f125878baf7807be57b1672d commit	refs/patches/master/modify
% guilt pop
Now at modify.
% git for-each-ref
33633e7a1aa31972f125878baf7807be57b1672d commit	refs/heads/master
33633e7a1aa31972f125878baf7807be57b1672d commit	refs/patches/master/modify
% guilt push
Applying patch..add
Patch applied.
% git for-each-ref
37d588cc39848368810e88332bd03b083f2ce3ac commit	refs/heads/master
37d588cc39848368810e88332bd03b083f2ce3ac commit	refs/patches/master/add
33633e7a1aa31972f125878baf7807be57b1672d commit	refs/patches/master/modify
% guilt pop
Now at modify.
% git for-each-ref
33633e7a1aa31972f125878baf7807be57b1672d commit	refs/heads/master
33633e7a1aa31972f125878baf7807be57b1672d commit	refs/patches/master/modify
% guilt pop
All patches popped.
% git for-each-ref
d4850419ccc1146c7169f500725ce504b9774ed0 commit	refs/heads/master
% guilt push
Applying patch..modify
Patch applied.
% git for-each-ref
33633e7a1aa31972f125878baf7807be57b1672d commit	refs/heads/master
33633e7a1aa31972f125878baf7807be57b1672d commit	refs/patches/master/modify
% guilt pop
All patches popped.
% git for-each-ref
d4850419ccc1146c7169f500725ce504b9774ed0 commit	refs/heads/master
% guilt pop
No patches applied.
% git for-each-ref
d4850419ccc1146c7169f500725ce504b9774ed0 commit	refs/heads/master
% guilt push
Applying patch..modify
Patch applied.
% git for-each-ref
33633e7a1aa31972f125878baf7807be57b1672d commit	refs/heads/master
33633e7a1aa31972f125878baf7807be57b1672d commit	refs/patches/master/modify
% guilt pop
All patches popped.
% git for-each-ref
d4850419ccc1146c7169f500725ce504b9774ed0 commit	refs/heads/master
% guilt push -a
Applying patch..modify
Patch applied.
Applying patch..add
Patch applied.
Applying patch..remove
Patch applied.
Applying patch..mode
Patch applied.
% git for-each-ref
ccd56089d1b5305a9d35617cb7f6f4b06ffa68ba commit	refs/heads/master
37d588cc39848368810e88332bd03b083f2ce3ac commit	refs/patches/master/add
ccd56089d1b5305a9d35617cb7f6f4b06ffa68ba commit	refs/patches/master/mode
33633e7a1aa31972f125878baf7807be57b1672d commit	refs/patches/master/modify
ffb7faa126a6d91bcdd44a494f76b96dd860b8b9 commit	refs/patches/master/remove
% guilt pop -a
All patches popped.
% git for-each-ref
d4850419ccc1146c7169f500725ce504b9774ed0 commit	refs/heads/master
% guilt push add
Applying patch..modify
Patch applied.
Applying patch..add
Patch applied.
% git for-each-ref
37d588cc39848368810e88332bd03b083f2ce3ac commit	refs/heads/master
37d588cc39848368810e88332bd03b083f2ce3ac commit	refs/patches/master/add
33633e7a1aa31972f125878baf7807be57b1672d commit	refs/patches/master/modify
% guilt branch topic
Switched to branch "topic"
% git for-each-ref
37d588cc39848368810e88332bd03b083f2ce3ac commit	refs/heads/master
37d588cc39848368810e88332bd03b083f2ce3ac commit	refs/heads/topic
37d588cc39848368810e88332bd03b083f2ce3ac commit	refs/patches/master/add
33633e7a1aa31972f125878baf7807be57b1672d commit	refs/patches/master/modify
37d588cc39848368810e88332bd03b083f2ce3ac commit	refs/patches/topic/add
33633e7a1aa31972f125878baf7807be57b1672d commit	refs/patches/topic/modify
% guilt pop -a
All patches popped.
% guilt push
Applying patch..modify
Patch applied.
% git for-each-ref
37d588cc39848368810e88332bd03b083f2ce3ac commit	refs/heads/master
33633e7a1aa31972f125878baf7807be57b1672d commit	refs/heads/topic
37d588cc39848368810e88332bd03b083f2ce3ac commit	refs/patches/master/add
33633e7a1aa31972f125878baf7807be57b1672d commit	refs/patches/master/modify
33633e7a1aa31972f125878baf7807be57b1672d commit	refs/patches/topic/modify
% guilt pop -a
All patches popped.
% git checkout master
Switched to branch "master"
% guilt pop -a
All patches popped.
% git branch -d topic
Deleted branch topic (was d485041).
% rm -r .git/patches/topic
% git for-each-ref
d4850419ccc1146c7169f500725ce504b9774ed0 commit	refs/heads/master
% list_files
d .git/patches
d .git/patches/master
d .git/refs/patches
d .git/refs/patches/master
d .git/refs/patches/topic
f 22930c6d1f1938f298a4fca51c57e4b47171db21  .git/patches/master/mode
f 413390f3906f16f30b054a4fb86c1e014b964504  .git/patches/master/remove
f 9c18cc7abe6b87f18503714a80a677b4094eb457  .git/patches/master/add
f bacb4aad8a55fe4e7aa58a9ae169990bb764069f  .git/patches/master/series
f bc9ab2e0f5db99d483961e956e814d963f0309f8  .git/patches/master/modify
f da39a3ee5e6b4b0d3255bfef95601890afd80709  .git/patches/master/status
% guilt push -a
Applying patch..modify
Patch applied.
Applying patch..add
Patch applied.
Applying patch..remove
Patch applied.
Applying patch..mode
Patch applied.
% guilt branch topic
Switched to branch "topic"
% git for-each-ref
ccd56089d1b5305a9d35617cb7f6f4b06ffa68ba commit	refs/heads/master
ccd56089d1b5305a9d35617cb7f6f4b06ffa68ba commit	refs/heads/topic
37d588cc39848368810e88332bd03b083f2ce3ac commit	refs/patches/master/add
ccd56089d1b5305a9d35617cb7f6f4b06ffa68ba commit	refs/patches/master/mode
33633e7a1aa31972f125878baf7807be57b1672d commit	refs/patches/master/modify
ffb7faa126a6d91bcdd44a494f76b96dd860b8b9 commit	refs/patches/master/remove
37d588cc39848368810e88332bd03b083f2ce3ac commit	refs/patches/topic/add
ccd56089d1b5305a9d35617cb7f6f4b06ffa68ba commit	refs/patches/topic/mode
33633e7a1aa31972f125878baf7807be57b1672d commit	refs/patches/topic/modify
ffb7faa126a6d91bcdd44a494f76b96dd860b8b9 commit	refs/patches/topic/remove
% guilt pop -a
All patches popped.
% git checkout master
Switched to branch "master"
% guilt pop -a
All patches popped.
% git branch -d topic
Deleted branch topic (was d485041).
% rm -r .git/patches/topic
% git for-each-ref
d4850419ccc1146c7169f500725ce504b9774ed0 commit	refs/heads/master
% list_files
d .git/patches
d .git/patches/master
d .git/refs/patches
d .git/refs/patches/master
d .git/refs/patches/topic
f 22930c6d1f1938f298a4fca51c57e4b47171db21  .git/patches/master/mode
f 413390f3906f16f30b054a4fb86c1e014b964504  .git/patches/master/remove
f 9c18cc7abe6b87f18503714a80a677b4094eb457  .git/patches/master/add
f bacb4aad8a55fe4e7aa58a9ae169990bb764069f  .git/patches/master/series
f bc9ab2e0f5db99d483961e956e814d963f0309f8  .git/patches/master/modify
f da39a3ee5e6b4b0d3255bfef95601890afd80709  .git/patches/master/status
% guilt branch topic
Switched to branch "topic"
% git for-each-ref
d4850419ccc1146c7169f500725ce504b9774ed0 commit	refs/heads/master
d4850419ccc1146c7169f500725ce504b9774ed0 commit	refs/heads/topic
% list_files
d .git/patches
d .git/patches/master
d .git/patches/topic
d .git/refs/patches
d .git/refs/patches/master
d .git/refs/patches/topic
f 22930c6d1f1938f298a4fca51c57e4b47171db21  .git/patches/master/mode
f 22930c6d1f1938f298a4fca51c57e4b47171db21  .git/patches/topic/mode
f 413390f3906f16f30b054a4fb86c1e014b964504  .git/patches/master/remove
f 413390f3906f16f30b054a4fb86c1e014b964504  .git/patches/topic/remove
f 9c18cc7abe6b87f18503714a80a677b4094eb457  .git/patches/master/add
f 9c18cc7abe6b87f18503714a80a677b4094eb457  .git/patches/topic/add
f bacb4aad8a55fe4e7aa58a9ae169990bb764069f  .git/patches/master/series
f bacb4aad8a55fe4e7aa58a9ae169990bb764069f  .git/patches/topic/series
f bc9ab2e0f5db99d483961e956e814d963f0309f8  .git/patches/master/modify
f bc9ab2e0f5db99d483961e956e814d963f0309f8  .git/patches/topic/modify
f da39a3ee5e6b4b0d3255bfef95601890afd80709  .git/patches/master/status
f da39a3ee5e6b4b0d3255bfef95601890afd80709  .git/patches/topic/status
% guilt pop -a
No patches applied.
% git checkout master
Switched to branch "master"
% guilt pop -a
No patches applied.
% git branch -d topic
Deleted branch topic (was d485041).
% rm -r .git/patches/topic
% git for-each-ref
d4850419ccc1146c7169f500725ce504b9774ed0 commit	refs/heads/master
% list_files
d .git/patches
d .git/patches/master
d .git/refs/patches
d .git/refs/patches/master
d .git/refs/patches/topic
f 22930c6d1f1938f298a4fca51c57e4b47171db21  .git/patches/master/mode
f 413390f3906f16f30b054a4fb86c1e014b964504  .git/patches/master/remove
f 9c18cc7abe6b87f18503714a80a677b4094eb457  .git/patches/master/add
f bacb4aad8a55fe4e7aa58a9ae169990bb764069f  .git/patches/master/series
f bc9ab2e0f5db99d483961e956e814d963f0309f8  .git/patches/master/modify
f da39a3ee5e6b4b0d3255bfef95601890afd80709  .git/patches/master/status
% guilt push -a
Applying patch..modify
Patch applied.
Applying patch..add
Patch applied.
Applying patch..remove
Patch applied.
Applying patch..mode
Patch applied.
% guilt branch topic
Switched to branch "topic"
% git for-each-ref
ccd56089d1b5305a9d35617cb7f6f4b06ffa68ba commit	refs/heads/master
ccd56089d1b5305a9d35617cb7f6f4b06ffa68ba commit	refs/heads/topic
37d588cc39848368810e88332bd03b083f2ce3ac commit	refs/patches/master/add
ccd56089d1b5305a9d35617cb7f6f4b06ffa68ba commit	refs/patches/master/mode
33633e7a1aa31972f125878baf7807be57b1672d commit	refs/patches/master/modify
ffb7faa126a6d91bcdd44a494f76b96dd860b8b9 commit	refs/patches/master/remove
37d588cc39848368810e88332bd03b083f2ce3ac commit	refs/patches/topic/add
ccd56089d1b5305a9d35617cb7f6f4b06ffa68ba commit	refs/patches/topic/mode
33633e7a1aa31972f125878baf7807be57b1672d commit	refs/patches/topic/modify
ffb7faa126a6d91bcdd44a494f76b96dd860b8b9 commit	refs/patches/topic/remove
% list_files
d .git/patches
d .git/patches/master
d .git/patches/topic
d .git/refs/patches
d .git/refs/patches/master
d .git/refs/patches/topic
f 22930c6d1f1938f298a4fca51c57e4b47171db21  .git/patches/master/mode
f 22930c6d1f1938f298a4fca51c57e4b47171db21  .git/patches/topic/mode
f 413390f3906f16f30b054a4fb86c1e014b964504  .git/patches/master/remove
f 413390f3906f16f30b054a4fb86c1e014b964504  .git/patches/topic/remove
f 71596bf71b72c2717e1aee378aabefbfa19ab7c8  .git/patches/master/status
f 71596bf71b72c2717e1aee378aabefbfa19ab7c8  .git/patches/topic/status
f 9c18cc7abe6b87f18503714a80a677b4094eb457  .git/patches/master/add
f 9c18cc7abe6b87f18503714a80a677b4094eb457  .git/patches/topic/add
f bacb4aad8a55fe4e7aa58a9ae169990bb764069f  .git/patches/master/series
f bacb4aad8a55fe4e7aa58a9ae169990bb764069f  .git/patches/topic/series
f bc9ab2e0f5db99d483961e956e814d963f0309f8  .git/patches/master/modify
f bc9ab2e0f5db99d483961e956e814d963f0309f8  .git/patches/topic/modify
r 33633e7a1aa31972f125878baf7807be57b1672d  .git/refs/patches/master/modify
r 33633e7a1aa31972f125878baf7807be57b1672d  .git/refs/patches/topic/modify
r 37d588cc39848368810e88332bd03b083f2ce3ac  .git/refs/patches/master/add
r 37d588cc39848368810e88332bd03b083f2ce3ac  .git/refs/patches/topic/add
r ccd56089d1b5305a9d35617cb7f6f4b06ffa68ba  .git/refs/patches/master/mode
r ccd56089d1b5305a9d35617cb7f6f4b06ffa68ba  .git/refs/patches/topic/mode
r ffb7faa126a6d91bcdd44a494f76b96dd860b8b9  .git/refs/patches/master/remove
r ffb7faa126a6d91bcdd44a494f76b96dd860b8b9  .git/refs/patches/topic/remove
% guilt pop -a
All patches popped.
% git for-each-ref
ccd56089d1b5305a9d35617cb7f6f4b06ffa68ba commit	refs/heads/master
d4850419ccc1146c7169f500725ce504b9774ed0 commit	refs/heads/topic
37d588cc39848368810e88332bd03b083f2ce3ac commit	refs/patches/master/add
ccd56089d1b5305a9d35617cb7f6f4b06ffa68ba commit	refs/patches/master/mode
33633e7a1aa31972f125878baf7807be57b1672d commit	refs/patches/master/modify
ffb7faa126a6d91bcdd44a494f76b96dd860b8b9 commit	refs/patches/master/remove
% guilt pop -a
No patches applied.
% git checkout master
Switched to branch "master"
% guilt pop -a
All patches popped.
% git branch -d topic
Deleted branch topic (was d485041).
% rm -r .git/patches/topic
% git for-each-ref
d4850419ccc1146c7169f500725ce504b9774ed0 commit	refs/heads/master
% list_files
d .git/patches
d .git/patches/master
d .git/refs/patches
d .git/refs/patches/master
d .git/refs/patches/topic
f 22930c6d1f1938f298a4fca51c57e4b47171db21  .git/patches/master/mode
f 413390f3906f16f30b054a4fb86c1e014b964504  .git/patches/master/remove
f 9c18cc7abe6b87f18503714a80a677b4094eb457  .git/patches/master/add
f bacb4aad8a55fe4e7aa58a9ae169990bb764069f  .git/patches/master/series
f bc9ab2e0f5db99d483961e956e814d963f0309f8  .git/patches/master/modify
f da39a3ee5e6b4b0d3255bfef95601890afd80709  .git/patches/master/status
% guilt new newpatch
% git for-each-ref --format=%(refname)
refs/heads/master
refs/patches/master/newpatch
% guilt pop
All patches popped.
% guilt push
Applying patch..newpatch
Patch applied.
% git for-each-ref
25465dc1687f3833ecbd4e8bca437e522d7026db commit	refs/heads/master
25465dc1687f3833ecbd4e8bca437e522d7026db commit	refs/patches/master/newpatch
% git branch
* master
% guilt applied
newpatch
% guilt commit -a
% git for-each-ref
25465dc1687f3833ecbd4e8bca437e522d7026db commit	refs/heads/master
% git branch
* master
% guilt push -a
Applying patch..modify
Patch applied.
Applying patch..add
Patch applied.
Applying patch..remove
Patch applied.
Applying patch..mode
Patch applied.
% guilt applied
modify
add
remove
mode
% git branch
* master
% git for-each-ref
fefbdcef61022d473838926619f31e030dd04fdc commit	refs/heads/master
5effcbeb303e8433935151d8c69f3bf63db1e8ef commit	refs/patches/master/add
fefbdcef61022d473838926619f31e030dd04fdc commit	refs/patches/master/mode
9509f22e2e627756d87b42432931c45955b74234 commit	refs/patches/master/modify
9cbe2fc643b1a9e2179a8738f80424a1c2aa202d commit	refs/patches/master/remove
% guilt commit -n 2
% git for-each-ref
fefbdcef61022d473838926619f31e030dd04fdc commit	refs/heads/master
fefbdcef61022d473838926619f31e030dd04fdc commit	refs/patches/master/mode
9cbe2fc643b1a9e2179a8738f80424a1c2aa202d commit	refs/patches/master/remove
% git branch
* master
% guilt commit -n 2
% git for-each-ref
fefbdcef61022d473838926619f31e030dd04fdc commit	refs/heads/master
% git branch
* master
% guilt series
